<?xml version="1.0" encoding="UTF-8"?>
<!-- Generated by org.testng.reporters.JUnitReportReporter -->
<testsuite hostname="MSI" failures="1" tests="1" name="com.herokuapp.restfulbooker.fegfrefref" time="2.848" errors="0" timestamp="18 oct. 2020 17:04:13 GMT" skipped="0">
  <testcase classname="com.herokuapp.restfulbooker.fegfrefref" name="getBooking" time="2.848">
    <failure message="The following asserts failed:
	First name is incorrect! expected [Jim] but found [Sally],
	Last name is incorrect! expected [Jones] but found [Smith],
	Price is incorrect! expected [501] but found [235],
	Deposit is incorrect! expected [true] but found [false],
	Checkin date is incorrect! expected [2019-01-11] but found [2018-11-18],
	Checkout date is incorrect! expected [2020-05-17] but found [2018-12-26],
	Additional need is incorrect! expected [Breakfast] but found [null]" type="java.lang.AssertionError">
      <![CDATA[java.lang.AssertionError: The following asserts failed:
First name is incorrect! expected [Jim] but found [Sally],
Last name is incorrect! expected [Jones] but found [Smith],
Price is incorrect! expected [501] but found [235],
Deposit is incorrect! expected [true] but found [false],
Checkin date is incorrect! expected [2019-01-11] but found [2018-11-18],
Checkout date is incorrect! expected [2020-05-17] but found [2018-12-26],
Additional need is incorrect! expected [Breakfast] but found [null]
at org.testng.asserts.SoftAssert.assertAll(SoftAssert.java:43)
at com.herokuapp.restfulbooker.fegfrefref.getBooking(fegfrefref.java:44)
at java.base/jdk.internal.reflect.NativeMethodAccessorImpl.invoke0(Native Method)
at java.base/jdk.internal.reflect.NativeMethodAccessorImpl.invoke(NativeMethodAccessorImpl.java:62)
at java.base/jdk.internal.reflect.DelegatingMethodAccessorImpl.invoke(DelegatingMethodAccessorImpl.java:43)
at java.base/java.lang.reflect.Method.invoke(Method.java:566)
at org.testng.internal.MethodInvocationHelper.invokeMethod(MethodInvocationHelper.java:124)
at org.testng.internal.Invoker.invokeMethod(Invoker.java:583)
at org.testng.internal.Invoker.invokeTestMethod(Invoker.java:719)
at org.testng.internal.Invoker.invokeTestMethods(Invoker.java:989)
at org.testng.internal.TestMethodWorker.invokeTestMethods(TestMethodWorker.java:125)
at org.testng.internal.TestMethodWorker.run(TestMethodWorker.java:109)
at org.testng.TestRunner.privateRun(TestRunner.java:648)
at org.testng.TestRunner.run(TestRunner.java:505)
at org.testng.SuiteRunner.runTest(SuiteRunner.java:455)
at org.testng.SuiteRunner.runSequentially(SuiteRunner.java:450)
at org.testng.SuiteRunner.privateRun(SuiteRunner.java:415)
at org.testng.SuiteRunner.run(SuiteRunner.java:364)
at org.testng.SuiteRunnerWorker.runSuite(SuiteRunnerWorker.java:52)
at org.testng.SuiteRunnerWorker.run(SuiteRunnerWorker.java:84)
at org.testng.TestNG.runSuitesSequentially(TestNG.java:1208)
at org.testng.TestNG.runSuitesLocally(TestNG.java:1137)
at org.testng.TestNG.runSuites(TestNG.java:1049)
at org.testng.TestNG.run(TestNG.java:1017)
at org.testng.remote.AbstractRemoteTestNG.run(AbstractRemoteTestNG.java:115)
at org.testng.remote.RemoteTestNG.initAndRun(RemoteTestNG.java:251)
at org.testng.remote.RemoteTestNG.main(RemoteTestNG.java:77)
]]>
    </failure>
  </testcase> <!-- getBooking -->
</testsuite> <!-- com.herokuapp.restfulbooker.fegfrefref -->
